\BOOKMARK [1][-]{section.1}{\376\377\000E\000i\000n\000f\000\374\000h\000r\000u\000n\000g}{}% 1
\BOOKMARK [2][-]{subsection.1.1}{\376\377\000M\000o\000t\000i\000v\000a\000t\000i\000o\000n}{section.1}% 2
\BOOKMARK [2][-]{subsection.1.2}{\376\377\000A\000u\000f\000g\000a\000b\000e\000n\000s\000t\000e\000l\000l\000u\000n\000g}{section.1}% 3
\BOOKMARK [1][-]{section.2}{\376\377\000\334\000b\000e\000r\000\040\000I\000T\000-\000D\000e\000s\000i\000g\000n\000e\000r\000s}{}% 4
\BOOKMARK [2][-]{subsection.2.1}{\376\377\000G\000r\000\374\000n\000d\000u\000n\000g\000s\000g\000e\000s\000c\000h\000i\000c\000h\000t\000e}{section.2}% 5
\BOOKMARK [2][-]{subsection.2.2}{\376\377\000T\000h\000e\000m\000a\000\040\000m\000e\000i\000n\000e\000s\000\040\000P\000r\000a\000k\000t\000i\000k\000u\000m\000s}{section.2}% 6
\BOOKMARK [1][-]{section.3}{\376\377\000G\000r\000u\000n\000d\000l\000a\000g\000e\000n\000\040\000d\000e\000r\000\040\000W\000e\000b\000e\000n\000t\000w\000i\000c\000k\000l\000u\000n\000g}{}% 7
\BOOKMARK [2][-]{subsection.3.1}{\376\377\000H\000T\000M\000L}{section.3}% 8
\BOOKMARK [3][-]{subsubsection.3.1.1}{\376\377\000A\000u\000f\000b\000a\000u\000\040\000e\000i\000n\000e\000r\000\040\000r\000e\000i\000n\000e\000n\000\040\000H\000T\000M\000L\000-\000S\000e\000i\000t\000e}{subsection.3.1}% 9
\BOOKMARK [3][-]{subsubsection.3.1.2}{\376\377\000H\000T\000M\000L\000-\000E\000l\000e\000m\000e\000n\000t\000e\000\040\000u\000n\000d\000\040\000i\000h\000r\000e\000\040\000F\000u\000n\000k\000t\000i\000o\000n\000e\000n}{subsection.3.1}% 10
\BOOKMARK [3][-]{subsubsection.3.1.3}{\376\377\000H\000T\000M\000L\000-\000H\000e\000a\000d}{subsection.3.1}% 11
\BOOKMARK [3][-]{subsubsection.3.1.4}{\376\377\000H\000T\000M\000L\000-\000B\000o\000d\000y}{subsection.3.1}% 12
\BOOKMARK [2][-]{subsection.3.2}{\376\377\000C\000S\000S}{section.3}% 13
\BOOKMARK [2][-]{subsection.3.3}{\376\377\000J\000a\000v\000a\000S\000c\000r\000i\000p\000t}{section.3}% 14
\BOOKMARK [3][-]{subsubsection.3.3.1}{\376\377\000D\000a\000t\000e\000n\000t\000y\000p\000e\000n}{subsection.3.3}% 15
\BOOKMARK [3][-]{subsubsection.3.3.2}{\376\377\000K\000o\000n\000t\000r\000o\000l\000l\000s\000t\000r\000u\000k\000t\000u\000r\000e\000n}{subsection.3.3}% 16
\BOOKMARK [3][-]{subsubsection.3.3.3}{\376\377\000V\000a\000r\000i\000a\000b\000l\000e\000n\000\040\000u\000n\000d\000\040\000K\000o\000n\000s\000t\000a\000n\000t\000e\000n}{subsection.3.3}% 17
\BOOKMARK [3][-]{subsubsection.3.3.4}{\376\377\000F\000u\000n\000k\000t\000i\000o\000n\000e\000n}{subsection.3.3}% 18
\BOOKMARK [3][-]{subsubsection.3.3.5}{\376\377\000O\000b\000j\000e\000k\000t\000e}{subsection.3.3}% 19
\BOOKMARK [2][-]{subsection.3.4}{\376\377\000H\000T\000T\000P}{section.3}% 20
\BOOKMARK [3][-]{subsubsection.3.4.1}{\376\377\000F\000u\000n\000k\000t\000i\000o\000n\000s\000w\000e\000i\000s\000e}{subsection.3.4}% 21
\BOOKMARK [3][-]{subsubsection.3.4.2}{\376\377\000A\000n\000f\000r\000a\000g\000e\000m\000e\000t\000h\000o\000d\000e\000n}{subsection.3.4}% 22
\BOOKMARK [3][-]{subsubsection.3.4.3}{\376\377\000S\000t\000a\000t\000u\000s\000c\000o\000d\000e\000s}{subsection.3.4}% 23
\BOOKMARK [2][-]{subsection.3.5}{\376\377\000R\000e\000p\000r\000e\000s\000e\000n\000t\000a\000t\000i\000o\000n\000a\000l\000\040\000S\000t\000a\000t\000e\000\040\000T\000r\000a\000n\000s\000f\000e\000r\000\040\000\050\000R\000E\000S\000T\000\051}{section.3}% 24
\BOOKMARK [3][-]{subsubsection.3.5.1}{\376\377\000P\000r\000i\000n\000z\000i\000p\000i\000e\000n}{subsection.3.5}% 25
\BOOKMARK [3][-]{subsubsection.3.5.2}{\376\377\000U\000m\000s\000e\000t\000z\000u\000n\000g}{subsection.3.5}% 26
\BOOKMARK [3][-]{subsubsection.3.5.3}{\376\377\000S\000i\000c\000h\000e\000r\000h\000e\000i\000t}{subsection.3.5}% 27
\BOOKMARK [1][-]{section.4}{\376\377\000W\000a\000s\000\040\000i\000s\000t\000\040\000e\000i\000n\000\040\000F\000r\000o\000n\000t\000e\000n\000d\000\040\000F\000r\000a\000m\000e\000w\000o\000r\000k\000\040\000u\000n\000d\000\040\000w\000a\000s\000\040\000m\000a\000c\000h\000t\000\040\000e\000s\000\040\000z\000u\000m\000\040\000L\000e\000i\000c\000h\000t\000g\000e\000w\000i\000c\000h\000t\000?}{}% 28
\BOOKMARK [2][-]{subsection.4.1}{\376\377\000L\000e\000i\000c\000h\000t\000g\000e\000w\000i\000c\000h\000t\000i\000g\000e\000s\000\040\000F\000r\000a\000m\000e\000w\000o\000r\000k}{section.4}% 29
\BOOKMARK [2][-]{subsection.4.2}{\376\377\000W\000e\000l\000c\000h\000e\000\040\000F\000r\000a\000m\000e\000w\000o\000r\000k\000s\000\040\000w\000e\000r\000d\000e\000n\000\040\000g\000e\000t\000e\000s\000t\000e\000t\000?}{section.4}% 30
\BOOKMARK [1][-]{section.5}{\376\377\000D\000e\000m\000o}{}% 31
\BOOKMARK [2][-]{subsection.5.1}{\376\377\000I\000d\000e\000e}{section.5}% 32
\BOOKMARK [2][-]{subsection.5.2}{\376\377\000A\000u\000f\000b\000a\000u}{section.5}% 33
\BOOKMARK [2][-]{subsection.5.3}{\376\377\000B\000e\000w\000e\000r\000t\000u\000n\000g\000s\000k\000r\000i\000t\000e\000r\000i\000e\000n}{section.5}% 34
\BOOKMARK [1][-]{section.6}{\376\377\000U\000n\000t\000e\000r\000s\000u\000c\000h\000u\000n\000g\000\040\000v\000o\000n\000\040\000J\000a\000v\000a\000S\000c\000r\000i\000p\000t\000\040\000F\000r\000o\000n\000t\000e\000n\000d\000\040\000F\000r\000a\000m\000e\000w\000o\000r\000k\000s}{}% 35
\BOOKMARK [2][-]{subsection.6.1}{\376\377\000M\000i\000t\000h\000r\000i\000l}{section.6}% 36
\BOOKMARK [3][-]{subsubsection.6.1.1}{\376\377\000I\000n\000s\000t\000a\000l\000l\000a\000t\000i\000o\000n}{subsection.6.1}% 37
\BOOKMARK [3][-]{subsubsection.6.1.2}{\376\377\000W\000i\000c\000h\000t\000i\000g\000e\000\040\000M\000i\000t\000h\000r\000i\000l\000\040\000F\000u\000n\000k\000t\000i\000o\000n\000e\000n}{subsection.6.1}% 38
\BOOKMARK [3][-]{subsubsection.6.1.3}{\376\377\000M\000i\000t\000h\000r\000i\000l\000\040\000K\000o\000m\000p\000o\000n\000e\000n\000t\000e}{subsection.6.1}% 39
\BOOKMARK [3][-]{subsubsection.6.1.4}{\376\377\000M\000i\000t\000h\000r\000i\000l\000\040\000R\000E\000S\000T\000-\000A\000n\000f\000r\000a\000g\000e\000n\000\040\000m\000i\000t\000\040\000m\000.\000r\000e\000q\000u\000e\000s\000t}{subsection.6.1}% 40
\BOOKMARK [3][-]{subsubsection.6.1.5}{\376\377\000L\000e\000b\000e\000n\000s\000z\000y\000k\000l\000e\000n\000\040\000i\000n\000\040\000M\000i\000t\000h\000r\000i\000l}{subsection.6.1}% 41
\BOOKMARK [3][-]{subsubsection.6.1.6}{\376\377\000M\000i\000t\000h\000r\000i\000l\000\040\000R\000o\000u\000t\000e\000n}{subsection.6.1}% 42
\BOOKMARK [3][-]{subsubsection.6.1.7}{\376\377\000D\000y\000n\000a\000m\000i\000s\000c\000h\000e\000\040\000I\000n\000h\000a\000l\000t\000e\000\040\000i\000n\000\040\000M\000i\000t\000h\000r\000i\000l}{subsection.6.1}% 43
\BOOKMARK [3][-]{subsubsection.6.1.8}{\376\377\000F\000a\000z\000i\000t}{subsection.6.1}% 44
\BOOKMARK [2][-]{subsection.6.2}{\376\377\000P\000r\000e\000a\000c\000t}{section.6}% 45
\BOOKMARK [3][-]{subsubsection.6.2.1}{\376\377\000I\000n\000s\000t\000a\000l\000l\000a\000t\000i\000o\000n}{subsection.6.2}% 46
\BOOKMARK [3][-]{subsubsection.6.2.2}{\376\377\000S\000t\000r\000u\000k\000t\000u\000r}{subsection.6.2}% 47
\BOOKMARK [3][-]{subsubsection.6.2.3}{\376\377\000K\000l\000a\000s\000s\000e\000n\000-\000K\000o\000m\000p\000o\000n\000e\000n\000t\000e}{subsection.6.2}% 48
\BOOKMARK [3][-]{subsubsection.6.2.4}{\376\377\000F\000u\000n\000k\000t\000i\000o\000n\000a\000l\000e\000-\000K\000o\000m\000p\000o\000n\000e\000n\000t\000e\000n}{subsection.6.2}% 49
\BOOKMARK [3][-]{subsubsection.6.2.5}{\376\377\000\040\000L\000e\000b\000e\000n\000s\000z\000y\000k\000l\000e\000n\000\040}{subsection.6.2}% 50
\BOOKMARK [3][-]{subsubsection.6.2.6}{\376\377\000H\000T\000T\000P\000-\000R\000E\000S\000T\000\040\000A\000n\000f\000r\000a\000g\000e\000\040\000m\000i\000t\000\040\000P\000r\000e\000a\000c\000t}{subsection.6.2}% 51
\BOOKMARK [3][-]{subsubsection.6.2.7}{\376\377\000\040\000P\000r\000e\000a\000c\000t\000\040\000S\000t\000a\000t\000e\000s\000\040\000u\000n\000d\000\040\000P\000r\000o\000p\000s\000\040}{subsection.6.2}% 52
\BOOKMARK [3][-]{subsubsection.6.2.8}{\376\377\000\040\000P\000r\000e\000a\000c\000t\000\040\000R\000o\000u\000t\000i\000n\000g}{subsection.6.2}% 53
\BOOKMARK [3][-]{subsubsection.6.2.9}{\376\377\000D\000y\000n\000a\000m\000i\000s\000c\000h\000e\000\040\000I\000n\000h\000a\000l\000t\000e\000\040\000i\000n\000\040\000P\000r\000e\000a\000c\000t}{subsection.6.2}% 54
\BOOKMARK [3][-]{subsubsection.6.2.10}{\376\377\000F\000a\000z\000i\000t}{subsection.6.2}% 55
\BOOKMARK [1][-]{section.7}{\376\377\000U\000n\000t\000e\000r\000s\000u\000c\000h\000u\000n\000g\000\040\000v\000o\000n\000\040\000C\000S\000S\000-\000F\000r\000a\000m\000e\000w\000o\000r\000k\000s}{}% 56
\BOOKMARK [2][-]{subsection.7.1}{\376\377\000P\000u\000r\000e\000c\000s\000s}{section.7}% 57
\BOOKMARK [3][-]{subsubsection.7.1.1}{\376\377\000I\000n\000s\000t\000a\000l\000l\000a\000t\000i\000o\000n\000\040\000/\000\040\000E\000i\000n\000b\000i\000n\000d\000u\000n\000g\000\040\000i\000n\000\040\000d\000a\000s\000\040\000P\000r\000o\000j\000e\000k\000t}{subsection.7.1}% 58
\BOOKMARK [3][-]{subsubsection.7.1.2}{\376\377\000P\000u\000r\000e\000\040\000G\000r\000i\000d\000\040\000L\000a\000y\000o\000u\000t}{subsection.7.1}% 59
\BOOKMARK [3][-]{subsubsection.7.1.3}{\376\377\000P\000u\000r\000e\000\040\000B\000u\000t\000t\000o\000n\000s}{subsection.7.1}% 60
\BOOKMARK [3][-]{subsubsection.7.1.4}{\376\377\000\040\000P\000u\000r\000e\000\040\000F\000o\000r\000m\000s\000\040}{subsection.7.1}% 61
\BOOKMARK [3][-]{subsubsection.7.1.5}{\376\377\000\040\000F\000a\000z\000i\000t\000\040}{subsection.7.1}% 62
\BOOKMARK [2][-]{subsection.7.2}{\376\377\000\040\000B\000u\000l\000m\000a\000\040}{section.7}% 63
\BOOKMARK [3][-]{subsubsection.7.2.1}{\376\377\000\040\000I\000n\000s\000t\000a\000l\000l\000a\000t\000i\000o\000n\000\040}{subsection.7.2}% 64
\BOOKMARK [3][-]{subsubsection.7.2.2}{\376\377\000\040\000M\000o\000d\000u\000l\000\040\000E\000l\000e\000m\000e\000n\000t\000e}{subsection.7.2}% 65
\BOOKMARK [3][-]{subsubsection.7.2.3}{\376\377\000\040\000M\000o\000d\000u\000l\000\040\000L\000a\000y\000o\000u\000t}{subsection.7.2}% 66
\BOOKMARK [3][-]{subsubsection.7.2.4}{\376\377\000\040\000M\000o\000d\000u\000l\000\040\000F\000o\000r\000m}{subsection.7.2}% 67
\BOOKMARK [3][-]{subsubsection.7.2.5}{\376\377\000N\000a\000v\000i\000g\000a\000t\000i\000o\000n\000,\000\040\000K\000a\000r\000t\000e\000\040\000u\000n\000d\000\040\000M\000o\000d\000a\000l\000\040\000m\000i\000t\000\040\000d\000e\000m\000\040\000M\000o\000d\000u\000l\000\040\000K\000o\000m\000p\000o\000n\000e\000n\000t\000e}{subsection.7.2}% 68
\BOOKMARK [3][-]{subsubsection.7.2.6}{\376\377\000\040\000I\000n\000d\000i\000v\000i\000d\000u\000a\000l\000i\000s\000i\000e\000r\000u\000n\000g\000\040\000m\000i\000t\000\040\000d\000e\000m\000\040\000M\000o\000d\000u\000l\000\040\000H\000e\000l\000p\000e\000r\000s\000\040}{subsection.7.2}% 69
\BOOKMARK [3][-]{subsubsection.7.2.7}{\376\377\000F\000a\000z\000i\000t}{subsection.7.2}% 70
\BOOKMARK [1][-]{section.8}{\376\377\000U\000n\000t\000e\000r\000s\000u\000c\000h\000u\000n\000g\000\040\000v\000o\000n\000\040\000A\000r\000a\000n\000g\000o\000D\000B}{}% 71
\BOOKMARK [1][-]{section.9}{\376\377\000U\000n\000t\000e\000r\000s\000u\000c\000h\000u\000n\000g\000\040\000v\000o\000n\000\040\000F\000o\000x\000x\000-\000m\000i\000c\000r\000o\000s\000e\000r\000v\000i\000c\000e\000\040\000F\000r\000a\000m\000e\000w\000o\000r\000k}{}% 72
\BOOKMARK [1][-]{section.10}{\376\377\000S\000c\000h\000l\000u\000s\000s}{}% 73
\BOOKMARK [2][-]{subsection.10.1}{\376\377\000Z\000u\000s\000a\000m\000m\000e\000n\000f\000a\000s\000s\000u\000n\000g}{section.10}% 74
\BOOKMARK [2][-]{subsection.10.2}{\376\377\000K\000r\000i\000t\000i\000k\000\040\000u\000n\000d\000\040\000A\000u\000s\000b\000l\000i\000c\000k}{section.10}% 75
